BEGIN BLOCK
	BEGIN HEADER
		Previous Hash: c1ef6e04af07df5c84ba5d67c48f3fe50fed08bd3b7f5924306a1b934b7cd841
		Merkle Root: 539c0900f0648f2fa597f4f3ec733894f8e3c8d6e8700a754e92d6537249a806
		Timestamp: 1632634233
		Target: 7fffffffffffffffffffffffffffffffffffffffffffffffffffffffffffffff
		Nonce: E737291386
	END HEADER
END BLOCK

BEGIN BLOCK
	BEGIN HEADER
		Previous Hash: a0fe25d223859e70f209c2cce419892714cd69f9ef3b92fc58776ad9ae91a59b
		Merkle Root: 43433d2a0825aedfca4dc914ec378c61102e646fb44bc83c219874348dcb18ee
		Timestamp: 1632634233
		Target: 7fffffffffffffffffffffffffffffffffffffffffffffffffffffffffffffff
		Nonce: 97CFB44D91
	END HEADER
END BLOCK

BEGIN BLOCK
	BEGIN HEADER
		Previous Hash: e175566cedb33969b6e63c291e8513620f56c0137ae5f15f4caaaf304da9eeb3
		Merkle Root: a15699830694eb22d13c3c16fd4206e3cb88109d9151aefaaa746ac01bdf6578
		Timestamp: 1632634233
		Target: 7fffffffffffffffffffffffffffffffffffffffffffffffffffffffffffffff
		Nonce: 98B559003E
	END HEADER
END BLOCK

BEGIN BLOCK
	BEGIN HEADER
		Previous Hash: 8a9a512c8473668dc88137068d215f4e74d5b96e412400bdc095e01f3ac15d0e
		Merkle Root: 1f645b552e2dc0d784579b5169873446eb0c0cd8c9af5f2e4761eaf5ad8379a6
		Timestamp: 1632634233
		Target: 7fffffffffffffffffffffffffffffffffffffffffffffffffffffffffffffff
		Nonce: 47FCB0C0A6
	END HEADER
END BLOCK

BEGIN BLOCK
	BEGIN HEADER
		Previous Hash: 0
		Merkle Root: 942ba222a90f8758783b7dc988c9de1803b15d4cf9ea8ac90542c6ebbc785ef1
		Timestamp: 1632634233
		Target: 7fffffffffffffffffffffffffffffffffffffffffffffffffffffffffffffff
		Nonce: 5EE9E7DAE4
	END HEADER
END BLOCK

