BEGIN BLOCK
	BEGIN HEADER
		Previous Hash: 74a9bcb46c4320afa7521ab5f9a35feae5d0e49c7fd4c560c4172dce1d3d36a0
		Merkle Root: 9ccd656d97046a202df0e24c62ab81d070782a0ae764af2eba077e3190d1a3b5
		Timestamp: 1632511805
		Target: 7fffffffffffffffffffffffffffffffffffffffffffffffffffffffffffffff
		Nonce: 40ABD078CC
	END HEADER
END BLOCK

BEGIN BLOCK
	BEGIN HEADER
		Previous Hash: a73284038fd7aad31915d442ecddcd98aad8c904dec8de2f3566c9db70d387ce
		Merkle Root: bb3bf52eb5b3a623e9a29e1a8566dc5061f2b00a9c846cf34e5f26feb38dc5c0
		Timestamp: 1632511805
		Target: 7fffffffffffffffffffffffffffffffffffffffffffffffffffffffffffffff
		Nonce: 81D93F06ED
	END HEADER
END BLOCK

BEGIN BLOCK
	BEGIN HEADER
		Previous Hash: abea0eb12b5ad5ee2026da8f2c6d7fdc208abaaef33ade357b106bec9618f169
		Merkle Root: 66a7b53b06c2f325c90a6e307d0e8d5034f3142a2a8fa233794f435e24844825
		Timestamp: 1632511805
		Target: 7fffffffffffffffffffffffffffffffffffffffffffffffffffffffffffffff
		Nonce: 6E9CFD6E53
	END HEADER
END BLOCK

BEGIN BLOCK
	BEGIN HEADER
		Previous Hash: b956e66f829346d383c57f9cad24f9755acdcbde2830ec2ccf82b28aff10d2b6
		Merkle Root: dc937d141ae70b408b23283fd7749d58756ab01cafc8fcc7d6eb9543033a375c
		Timestamp: 1632511805
		Target: 7fffffffffffffffffffffffffffffffffffffffffffffffffffffffffffffff
		Nonce: FB16078352
	END HEADER
END BLOCK

BEGIN BLOCK
	BEGIN HEADER
		Previous Hash: 0
		Merkle Root: cae989ae41cf27ce4d641eb08d2ddb982f40d18b7b21eacd383502ad978b7bd1
		Timestamp: 1632511805
		Target: 7fffffffffffffffffffffffffffffffffffffffffffffffffffffffffffffff
		Nonce: 95E8D8C270
	END HEADER
END BLOCK

